╔══════════════════════════════════════╗
║   Sacred Blueprint — Distribute     ║
╚══════════════════════════════════════╝
Θέμα: Η πλατωνική θεωρία των Ιδεών

Βρέθηκαν κλειδιά:
  - history3d
  - investigation_board
  - mind_palace
  - notebook
  - personal_page
  - timeline_item
  - unreal_scenario

  ✓ history3d_output.json
  ✓ investigation_board_output.json
  ✓ mind_palace_output.json
  ✓ notebook_output.json
  ✓ personal_page_output.json
  ✓ timeline_item_output.json
  ✓ unreal_scenario_output.json

══════════════════════════════════════════
✓ Τοπική Διανομή: 7/7 κλειδιά
